<?xml version="1.0" encoding="UTF-8" ?>
<testsuite tests="72" failures="54" name="TestSuite" time="515.471" errors="0" skipped="17">
  <properties>
    <property name="java.runtime.name" value="Java(TM) SE Runtime Environment"/>
    <property name="java.vm.version" value="11.0.1+13-LTS"/>
    <property name="sun.boot.library.path" value="C:\Program Files\Java\jdk-11.0.1\bin"/>
    <property name="maven.multiModuleProjectDirectory" value="C:\Users\Asus\Desktop\Project\EasyLearningApp"/>
    <property name="java.vm.vendor" value="Oracle Corporation"/>
    <property name="java.vendor.url" value="http://java.oracle.com/"/>
    <property name="guice.disable.misplaced.annotation.check" value="true"/>
    <property name="path.separator" value=";"/>
    <property name="java.vm.name" value="Java HotSpot(TM) 64-Bit Server VM"/>
    <property name="sun.os.patch.level" value="Service Pack 1"/>
    <property name="user.script" value=""/>
    <property name="user.country" value="RU"/>
    <property name="sun.java.launcher" value="SUN_STANDARD"/>
    <property name="java.vm.specification.name" value="Java Virtual Machine Specification"/>
    <property name="user.dir" value="C:\Users\Asus\Desktop\Project\EasyLearningApp"/>
    <property name="java.vm.compressedOopsMode" value="32-bit"/>
    <property name="java.runtime.version" value="11.0.1+13-LTS"/>
    <property name="java.awt.graphicsenv" value="sun.awt.Win32GraphicsEnvironment"/>
    <property name="os.arch" value="amd64"/>
    <property name="java.io.tmpdir" value="C:\Users\Asus\AppData\Local\Temp\"/>
    <property name="line.separator" value="
"/>
    <property name="java.vm.specification.vendor" value="Oracle Corporation"/>
    <property name="user.variant" value=""/>
    <property name="os.name" value="Windows 7"/>
    <property name="classworlds.conf" value="C:\Program Files\JetBrains\IntelliJ IDEA 2019.1.2\plugins\maven\lib\maven3\bin\m2.conf"/>
    <property name="sun.jnu.encoding" value="Cp1251"/>
    <property name="java.library.path" value="C:\Program Files\Java\jdk-11.0.1\bin;C:\Windows\Sun\Java\bin;C:\Windows\system32;C:\Windows;C:\Program Files (x86)\Common Files\Oracle\Java\javapath;C:\Program Files\Common Files\Microsoft Shared\Windows Live;C:\Program Files (x86)\Common Files\Microsoft Shared\Windows Live;C:\Windows\system32;C:\Windows;C:\Windows\System32\Wbem;C:\Windows\System32\WindowsPowerShell\v1.0\;C:\Program Files (x86)\Windows Live\Shared;C:\Program Files (x86)\Avest\AvPCM_nces;C:\Program Files\Microsoft VS Code\bin;C:\Program Files\nodejs\;C:\Program Files\Git\cmd;C:\Program Files\Java\jdk-11.0.1\bin;C:\apache-maven-3.6.1\bin;."/>
    <property name="jdk.debug" value="release"/>
    <property name="java.class.version" value="55.0"/>
    <property name="java.specification.name" value="Java Platform API Specification"/>
    <property name="sun.management.compiler" value="HotSpot 64-Bit Tiered Compilers"/>
    <property name="os.version" value="6.1"/>
    <property name="user.home" value="C:\Users\Asus"/>
    <property name="user.timezone" value="EET"/>
    <property name="java.awt.printerjob" value="sun.awt.windows.WPrinterJob"/>
    <property name="file.encoding" value="UTF-8"/>
    <property name="java.specification.version" value="11"/>
    <property name="user.name" value="Asus"/>
    <property name="java.class.path" value="C:\Program Files\JetBrains\IntelliJ IDEA 2019.1.2\plugins\maven\lib\maven3\boot\plexus-classworlds-2.5.2.jar"/>
    <property name="java.vm.specification.version" value="11"/>
    <property name="sun.arch.data.model" value="64"/>
    <property name="sun.java.command" value="org.codehaus.classworlds.Launcher -Didea.version2019.1.2 deploy"/>
    <property name="java.home" value="C:\Program Files\Java\jdk-11.0.1"/>
    <property name="user.language" value="ru"/>
    <property name="java.specification.vendor" value="Oracle Corporation"/>
    <property name="awt.toolkit" value="sun.awt.windows.WToolkit"/>
    <property name="java.vm.info" value="mixed mode"/>
    <property name="idea.version2019.1.2" value="true"/>
    <property name="java.version" value="11.0.1"/>
    <property name="java.vendor" value="Oracle Corporation"/>
    <property name="maven.home" value="C:\Program Files\JetBrains\IntelliJ IDEA 2019.1.2\plugins\maven\lib\maven3"/>
    <property name="file.separator" value="\"/>
    <property name="java.version.date" value="2018-10-16"/>
    <property name="java.vendor.url.bug" value="http://bugreport.java.com/bugreport/"/>
    <property name="sun.io.unicode.encoding" value="UnicodeLittle"/>
    <property name="sun.cpu.endian" value="little"/>
    <property name="java.vendor.version" value="18.9"/>
    <property name="sun.desktop" value="windows"/>
    <property name="sun.cpu.isalist" value="amd64"/>
  </properties>
  <testcase classname="by.anelkin.easylearning.repository.LessonRepositoryTest" name="setUpTestClass" time="2.043">
    <failure message="PROCEDURE easylearning.dropTables does not exist" type="java.sql.SQLSyntaxErrorException">java.sql.SQLSyntaxErrorException: PROCEDURE easylearning.dropTables does not exist
	at com.mysql.cj.jdbc.exceptions.SQLError.createSQLException(SQLError.java:120)
	at com.mysql.cj.jdbc.exceptions.SQLError.createSQLException(SQLError.java:97)
	at com.mysql.cj.jdbc.exceptions.SQLExceptionsMapping.translateException(SQLExceptionsMapping.java:122)
	at com.mysql.cj.jdbc.StatementImpl.executeInternal(StatementImpl.java:782)
	at com.mysql.cj.jdbc.StatementImpl.execute(StatementImpl.java:666)
	at by.anelkin.easylearning.repository.LessonRepositoryTest.setUpTestClass(LessonRepositoryTest.java:38)
</failure>
    <system-out>Configuring TestNG with: org.apache.maven.surefire.testng.conf.TestNG652Configurator@6321e813
2019-08-10 18:12:44 main INFO  ConnectionPool:54 - URL: jdbc:mysql://localhost:3306/easylearning?useUnicode=true&amp;useJDBCCompliantTimezoneShift=true&amp;useLegacyDatetimeCode=false&amp;serverTimezone=UTC
jdbc:mysql://localhost:3306/easylearning?useUnicode=true&amp;useJDBCCompliantTimezoneShift=true&amp;useLegacyDatetimeCode=false&amp;serverTimezone=UTC
2019-08-10 18:12:44 main INFO  ConnectionPool:72 - Pool was initialized. Connections amount: 10
2019-08-10 18:12:44 main DEBUG ConnectionPool:84 - ConnectionPool instance created.
</system-out>
  </testcase>
  <testcase classname="by.anelkin.easylearning.repository.LessonRepositoryTest" name="testQuery" time="2.075">
    <skipped/>
  </testcase>
  <testcase classname="by.anelkin.easylearning.repository.LessonRepositoryTest" name="testQuery" time="2.075">
    <skipped/>
  </testcase>
  <testcase classname="by.anelkin.easylearning.repository.MarkRepositoryTest" name="setUpTestClass" time="2.075">
    <failure message="PROCEDURE easylearning.dropTables does not exist" type="java.sql.SQLSyntaxErrorException">java.sql.SQLSyntaxErrorException: PROCEDURE easylearning.dropTables does not exist
	at com.mysql.cj.jdbc.exceptions.SQLError.createSQLException(SQLError.java:120)
	at com.mysql.cj.jdbc.exceptions.SQLError.createSQLException(SQLError.java:97)
	at com.mysql.cj.jdbc.exceptions.SQLExceptionsMapping.translateException(SQLExceptionsMapping.java:122)
	at com.mysql.cj.jdbc.StatementImpl.executeInternal(StatementImpl.java:782)
	at com.mysql.cj.jdbc.StatementImpl.execute(StatementImpl.java:666)
	at by.anelkin.easylearning.repository.MarkRepositoryTest.setUpTestClass(MarkRepositoryTest.java:39)
</failure>
  </testcase>
  <testcase classname="by.anelkin.easylearning.repository.MarkRepositoryTest" name="testQuery" time="2.075">
    <skipped/>
  </testcase>
  <testcase classname="by.anelkin.easylearning.repository.MarkRepositoryTest" name="testQuery" time="2.075">
    <skipped/>
  </testcase>
  <testcase classname="by.anelkin.easylearning.repository.MarkRepositoryTest" name="testQuery" time="2.075">
    <skipped/>
  </testcase>
  <testcase classname="by.anelkin.easylearning.repository.MarkRepositoryTest" name="testQuery" time="2.075">
    <skipped/>
  </testcase>
  <testcase classname="by.anelkin.easylearning.repository.PaymentRepositoryTest" name="setUpTestClass" time="2.09">
    <failure message="PROCEDURE easylearning.dropTables does not exist" type="java.sql.SQLSyntaxErrorException">java.sql.SQLSyntaxErrorException: PROCEDURE easylearning.dropTables does not exist
	at com.mysql.cj.jdbc.exceptions.SQLError.createSQLException(SQLError.java:120)
	at com.mysql.cj.jdbc.exceptions.SQLError.createSQLException(SQLError.java:97)
	at com.mysql.cj.jdbc.exceptions.SQLExceptionsMapping.translateException(SQLExceptionsMapping.java:122)
	at com.mysql.cj.jdbc.StatementImpl.executeInternal(StatementImpl.java:782)
	at com.mysql.cj.jdbc.StatementImpl.execute(StatementImpl.java:666)
	at by.anelkin.easylearning.repository.PaymentRepositoryTest.setUpTestClass(PaymentRepositoryTest.java:37)
</failure>
  </testcase>
  <testcase classname="by.anelkin.easylearning.repository.PaymentRepositoryTest" name="testQuery" time="2.09">
    <skipped/>
  </testcase>
  <testcase classname="by.anelkin.easylearning.repository.PaymentRepositoryTest" name="testQuery" time="2.09">
    <skipped/>
  </testcase>
  <testcase classname="by.anelkin.easylearning.repository.RestorePassRequestRepositoryTest" name="setUpTestClass" time="2.09">
    <failure message="PROCEDURE easylearning.dropTables does not exist" type="java.sql.SQLSyntaxErrorException">java.sql.SQLSyntaxErrorException: PROCEDURE easylearning.dropTables does not exist
	at com.mysql.cj.jdbc.exceptions.SQLError.createSQLException(SQLError.java:120)
	at com.mysql.cj.jdbc.exceptions.SQLError.createSQLException(SQLError.java:97)
	at com.mysql.cj.jdbc.exceptions.SQLExceptionsMapping.translateException(SQLExceptionsMapping.java:122)
	at com.mysql.cj.jdbc.StatementImpl.executeInternal(StatementImpl.java:782)
	at com.mysql.cj.jdbc.StatementImpl.execute(StatementImpl.java:666)
	at by.anelkin.easylearning.repository.RestorePassRequestRepositoryTest.setUpTestClass(RestorePassRequestRepositoryTest.java:37)
</failure>
  </testcase>
  <testcase classname="by.anelkin.easylearning.repository.RestorePassRequestRepositoryTest" name="RestorePassRequestRepository_Query" time="2.09">
    <skipped/>
  </testcase>
  <testcase classname="by.anelkin.easylearning.service.AccountServiceTest" name="AccountService_AddAccAvatarToReview_ShouldCorrectlyUpdateAccUpdatePhotoPath" time="0.016">
    <failure message="PROCEDURE easylearning.dropTables does not exist" type="java.sql.SQLSyntaxErrorException">java.sql.SQLSyntaxErrorException: PROCEDURE easylearning.dropTables does not exist
	at com.mysql.cj.jdbc.exceptions.SQLError.createSQLException(SQLError.java:120)
	at com.mysql.cj.jdbc.exceptions.SQLError.createSQLException(SQLError.java:97)
	at com.mysql.cj.jdbc.exceptions.SQLExceptionsMapping.translateException(SQLExceptionsMapping.java:122)
	at com.mysql.cj.jdbc.StatementImpl.executeInternal(StatementImpl.java:782)
	at com.mysql.cj.jdbc.StatementImpl.execute(StatementImpl.java:666)
	at by.anelkin.easylearning.service.AccountServiceTest.AccountService_AddAccAvatarToReview_ShouldCorrectlyUpdateAccUpdatePhotoPath(AccountServiceTest.java:459)
</failure>
  </testcase>
  <testcase classname="by.anelkin.easylearning.service.AccountServiceTest" name="AccountService_ApproveAccAvatar_ShouldClearAccUpdatePhotoPath" time="0.015">
    <failure message="PROCEDURE easylearning.dropTables does not exist" type="java.sql.SQLSyntaxErrorException">java.sql.SQLSyntaxErrorException: PROCEDURE easylearning.dropTables does not exist
	at com.mysql.cj.jdbc.exceptions.SQLError.createSQLException(SQLError.java:120)
	at com.mysql.cj.jdbc.exceptions.SQLError.createSQLException(SQLError.java:97)
	at com.mysql.cj.jdbc.exceptions.SQLExceptionsMapping.translateException(SQLExceptionsMapping.java:122)
	at com.mysql.cj.jdbc.StatementImpl.executeInternal(StatementImpl.java:782)
	at com.mysql.cj.jdbc.StatementImpl.execute(StatementImpl.java:666)
	at by.anelkin.easylearning.service.AccountServiceTest.AccountService_ApproveAccAvatar_ShouldClearAccUpdatePhotoPath(AccountServiceTest.java:517)
</failure>
  </testcase>
  <testcase classname="by.anelkin.easylearning.service.AccountServiceTest" name="AccountService_ApproveAccAvatar_ShouldUpdateAccPathToPhotoCorrectly" time="0">
    <failure message="PROCEDURE easylearning.dropTables does not exist" type="java.sql.SQLSyntaxErrorException">java.sql.SQLSyntaxErrorException: PROCEDURE easylearning.dropTables does not exist
	at com.mysql.cj.jdbc.exceptions.SQLError.createSQLException(SQLError.java:120)
	at com.mysql.cj.jdbc.exceptions.SQLError.createSQLException(SQLError.java:97)
	at com.mysql.cj.jdbc.exceptions.SQLExceptionsMapping.translateException(SQLExceptionsMapping.java:122)
	at com.mysql.cj.jdbc.StatementImpl.executeInternal(StatementImpl.java:782)
	at com.mysql.cj.jdbc.StatementImpl.execute(StatementImpl.java:666)
	at by.anelkin.easylearning.service.AccountServiceTest.AccountService_ApproveAccAvatar_ShouldUpdateAccPathToPhotoCorrectly(AccountServiceTest.java:489)
</failure>
  </testcase>
  <testcase classname="by.anelkin.easylearning.service.AccountServiceTest" name="AccountService_ChangeAccountPassword_ShouldChangeAccPwd" time="0.016">
    <failure message="PROCEDURE easylearning.dropTables does not exist" type="java.sql.SQLSyntaxErrorException">java.sql.SQLSyntaxErrorException: PROCEDURE easylearning.dropTables does not exist
	at com.mysql.cj.jdbc.exceptions.SQLError.createSQLException(SQLError.java:120)
	at com.mysql.cj.jdbc.exceptions.SQLError.createSQLException(SQLError.java:97)
	at com.mysql.cj.jdbc.exceptions.SQLExceptionsMapping.translateException(SQLExceptionsMapping.java:122)
	at com.mysql.cj.jdbc.StatementImpl.executeInternal(StatementImpl.java:782)
	at com.mysql.cj.jdbc.StatementImpl.execute(StatementImpl.java:666)
	at by.anelkin.easylearning.service.AccountServiceTest.AccountService_ChangeAccountPassword_ShouldChangeAccPwd(AccountServiceTest.java:314)
</failure>
  </testcase>
  <testcase classname="by.anelkin.easylearning.service.AccountServiceTest" name="AccountService_ChangeAccountPassword_ShouldNotChangeAccPwdIfCurrentPwdIncorrect" time="0">
    <failure message="PROCEDURE easylearning.dropTables does not exist" type="java.sql.SQLSyntaxErrorException">java.sql.SQLSyntaxErrorException: PROCEDURE easylearning.dropTables does not exist
	at com.mysql.cj.jdbc.exceptions.SQLError.createSQLException(SQLError.java:120)
	at com.mysql.cj.jdbc.exceptions.SQLError.createSQLException(SQLError.java:97)
	at com.mysql.cj.jdbc.exceptions.SQLExceptionsMapping.translateException(SQLExceptionsMapping.java:122)
	at com.mysql.cj.jdbc.StatementImpl.executeInternal(StatementImpl.java:782)
	at com.mysql.cj.jdbc.StatementImpl.execute(StatementImpl.java:666)
	at by.anelkin.easylearning.service.AccountServiceTest.AccountService_ChangeAccountPassword_ShouldNotChangeAccPwdIfCurrentPwdIncorrect(AccountServiceTest.java:356)
</failure>
  </testcase>
  <testcase classname="by.anelkin.easylearning.service.AccountServiceTest" name="AccountService_ChangeAccountPassword_ShouldNotChangeAccPwdIfRepeatedPwdIncorrect" time="0">
    <failure message="PROCEDURE easylearning.dropTables does not exist" type="java.sql.SQLSyntaxErrorException">java.sql.SQLSyntaxErrorException: PROCEDURE easylearning.dropTables does not exist
	at com.mysql.cj.jdbc.exceptions.SQLError.createSQLException(SQLError.java:120)
	at com.mysql.cj.jdbc.exceptions.SQLError.createSQLException(SQLError.java:97)
	at com.mysql.cj.jdbc.exceptions.SQLExceptionsMapping.translateException(SQLExceptionsMapping.java:122)
	at com.mysql.cj.jdbc.StatementImpl.executeInternal(StatementImpl.java:782)
	at com.mysql.cj.jdbc.StatementImpl.execute(StatementImpl.java:666)
	at by.anelkin.easylearning.service.AccountServiceTest.AccountService_ChangeAccountPassword_ShouldNotChangeAccPwdIfRepeatedPwdIncorrect(AccountServiceTest.java:396)
</failure>
  </testcase>
  <testcase classname="by.anelkin.easylearning.service.AccountServiceTest" name="AccountService_ChangeForgottenPass_ShouldChangeAccPwd" time="0">
    <failure message="PROCEDURE easylearning.dropTables does not exist" type="java.sql.SQLSyntaxErrorException">java.sql.SQLSyntaxErrorException: PROCEDURE easylearning.dropTables does not exist
	at com.mysql.cj.jdbc.exceptions.SQLError.createSQLException(SQLError.java:120)
	at com.mysql.cj.jdbc.exceptions.SQLError.createSQLException(SQLError.java:97)
	at com.mysql.cj.jdbc.exceptions.SQLExceptionsMapping.translateException(SQLExceptionsMapping.java:122)
	at com.mysql.cj.jdbc.StatementImpl.executeInternal(StatementImpl.java:782)
	at com.mysql.cj.jdbc.StatementImpl.execute(StatementImpl.java:666)
	at by.anelkin.easylearning.service.AccountServiceTest.AccountService_ChangeForgottenPass_ShouldChangeAccPwd(AccountServiceTest.java:87)
</failure>
  </testcase>
  <testcase classname="by.anelkin.easylearning.service.AccountServiceTest" name="AccountService_ChangeForgottenPass_ShouldDoNothingIfRepeatedPwdIncorrect" time="0">
    <failure message="PROCEDURE easylearning.dropTables does not exist" type="java.sql.SQLSyntaxErrorException">java.sql.SQLSyntaxErrorException: PROCEDURE easylearning.dropTables does not exist
	at com.mysql.cj.jdbc.exceptions.SQLError.createSQLException(SQLError.java:120)
	at com.mysql.cj.jdbc.exceptions.SQLError.createSQLException(SQLError.java:97)
	at com.mysql.cj.jdbc.exceptions.SQLExceptionsMapping.translateException(SQLExceptionsMapping.java:122)
	at com.mysql.cj.jdbc.StatementImpl.executeInternal(StatementImpl.java:782)
	at com.mysql.cj.jdbc.StatementImpl.execute(StatementImpl.java:666)
	at by.anelkin.easylearning.service.AccountServiceTest.AccountService_ChangeForgottenPass_ShouldDoNothingIfRepeatedPwdIncorrect(AccountServiceTest.java:159)
</failure>
  </testcase>
  <testcase classname="by.anelkin.easylearning.service.AccountServiceTest" name="AccountService_ChangeForgottenPass_ShouldDoNothingIfUuidIncorrect" time="0.016">
    <failure message="PROCEDURE easylearning.dropTables does not exist" type="java.sql.SQLSyntaxErrorException">java.sql.SQLSyntaxErrorException: PROCEDURE easylearning.dropTables does not exist
	at com.mysql.cj.jdbc.exceptions.SQLError.createSQLException(SQLError.java:120)
	at com.mysql.cj.jdbc.exceptions.SQLError.createSQLException(SQLError.java:97)
	at com.mysql.cj.jdbc.exceptions.SQLExceptionsMapping.translateException(SQLExceptionsMapping.java:122)
	at com.mysql.cj.jdbc.StatementImpl.executeInternal(StatementImpl.java:782)
	at com.mysql.cj.jdbc.StatementImpl.execute(StatementImpl.java:666)
	at by.anelkin.easylearning.service.AccountServiceTest.AccountService_ChangeForgottenPass_ShouldDoNothingIfUuidIncorrect(AccountServiceTest.java:123)
</failure>
  </testcase>
  <testcase classname="by.anelkin.easylearning.service.AccountServiceTest" name="AccountService_DeclineAccAvatar_ShouldClearAccUpdatePhotoPath" time="0">
    <failure message="PROCEDURE easylearning.dropTables does not exist" type="java.sql.SQLSyntaxErrorException">java.sql.SQLSyntaxErrorException: PROCEDURE easylearning.dropTables does not exist
	at com.mysql.cj.jdbc.exceptions.SQLError.createSQLException(SQLError.java:120)
	at com.mysql.cj.jdbc.exceptions.SQLError.createSQLException(SQLError.java:97)
	at com.mysql.cj.jdbc.exceptions.SQLExceptionsMapping.translateException(SQLExceptionsMapping.java:122)
	at com.mysql.cj.jdbc.StatementImpl.executeInternal(StatementImpl.java:782)
	at com.mysql.cj.jdbc.StatementImpl.execute(StatementImpl.java:666)
	at by.anelkin.easylearning.service.AccountServiceTest.AccountService_DeclineAccAvatar_ShouldClearAccUpdatePhotoPath(AccountServiceTest.java:579)
</failure>
  </testcase>
  <testcase classname="by.anelkin.easylearning.service.AccountServiceTest" name="AccountService_DeclineAccAvatar_ShouldNotChangeAccPathToPhoto" time="0">
    <failure message="PROCEDURE easylearning.dropTables does not exist" type="java.sql.SQLSyntaxErrorException">java.sql.SQLSyntaxErrorException: PROCEDURE easylearning.dropTables does not exist
	at com.mysql.cj.jdbc.exceptions.SQLError.createSQLException(SQLError.java:120)
	at com.mysql.cj.jdbc.exceptions.SQLError.createSQLException(SQLError.java:97)
	at com.mysql.cj.jdbc.exceptions.SQLExceptionsMapping.translateException(SQLExceptionsMapping.java:122)
	at com.mysql.cj.jdbc.StatementImpl.executeInternal(StatementImpl.java:782)
	at com.mysql.cj.jdbc.StatementImpl.execute(StatementImpl.java:666)
	at by.anelkin.easylearning.service.AccountServiceTest.AccountService_DeclineAccAvatar_ShouldNotChangeAccPathToPhoto(AccountServiceTest.java:545)
</failure>
  </testcase>
  <testcase classname="by.anelkin.easylearning.service.AccountServiceTest" name="AccountService_EditAccountInfo_ShouldUpdateAccData" time="0">
    <failure message="PROCEDURE easylearning.dropTables does not exist" type="java.sql.SQLSyntaxErrorException">java.sql.SQLSyntaxErrorException: PROCEDURE easylearning.dropTables does not exist
	at com.mysql.cj.jdbc.exceptions.SQLError.createSQLException(SQLError.java:120)
	at com.mysql.cj.jdbc.exceptions.SQLError.createSQLException(SQLError.java:97)
	at com.mysql.cj.jdbc.exceptions.SQLExceptionsMapping.translateException(SQLExceptionsMapping.java:122)
	at com.mysql.cj.jdbc.StatementImpl.executeInternal(StatementImpl.java:782)
	at com.mysql.cj.jdbc.StatementImpl.execute(StatementImpl.java:666)
	at by.anelkin.easylearning.service.AccountServiceTest.AccountService_EditAccountInfo_ShouldUpdateAccData(AccountServiceTest.java:608)
</failure>
  </testcase>
  <testcase classname="by.anelkin.easylearning.service.AccountServiceTest" name="AccountService_InitApproveAccAvatarPage_ShouldCorrectlyInitAccountList" time="0">
    <failure message="PROCEDURE easylearning.dropTables does not exist" type="java.sql.SQLSyntaxErrorException">java.sql.SQLSyntaxErrorException: PROCEDURE easylearning.dropTables does not exist
	at com.mysql.cj.jdbc.exceptions.SQLError.createSQLException(SQLError.java:120)
	at com.mysql.cj.jdbc.exceptions.SQLError.createSQLException(SQLError.java:97)
	at com.mysql.cj.jdbc.exceptions.SQLExceptionsMapping.translateException(SQLExceptionsMapping.java:122)
	at com.mysql.cj.jdbc.StatementImpl.executeInternal(StatementImpl.java:782)
	at com.mysql.cj.jdbc.StatementImpl.execute(StatementImpl.java:666)
	at by.anelkin.easylearning.service.AccountServiceTest.AccountService_InitApproveAccAvatarPage_ShouldCorrectlyInitAccountList(AccountServiceTest.java:436)
</failure>
  </testcase>
  <testcase classname="by.anelkin.easylearning.service.AccountServiceTest" name="AccountService_InitAuthorPage_ShouldInitAuthorCorrectly" time="0">
    <failure message="PROCEDURE easylearning.dropTables does not exist" type="java.sql.SQLSyntaxErrorException">java.sql.SQLSyntaxErrorException: PROCEDURE easylearning.dropTables does not exist
	at com.mysql.cj.jdbc.exceptions.SQLError.createSQLException(SQLError.java:120)
	at com.mysql.cj.jdbc.exceptions.SQLError.createSQLException(SQLError.java:97)
	at com.mysql.cj.jdbc.exceptions.SQLExceptionsMapping.translateException(SQLExceptionsMapping.java:122)
	at com.mysql.cj.jdbc.StatementImpl.executeInternal(StatementImpl.java:782)
	at com.mysql.cj.jdbc.StatementImpl.execute(StatementImpl.java:666)
	at by.anelkin.easylearning.service.AccountServiceTest.AccountService_InitAuthorPage_ShouldInitAuthorCorrectly(AccountServiceTest.java:651)
</failure>
  </testcase>
  <testcase classname="by.anelkin.easylearning.service.AccountServiceTest" name="AccountService_InitAuthorPage_ShouldInitAuthorCoursesCorrectly" time="0">
    <failure message="PROCEDURE easylearning.dropTables does not exist" type="java.sql.SQLSyntaxErrorException">java.sql.SQLSyntaxErrorException: PROCEDURE easylearning.dropTables does not exist
	at com.mysql.cj.jdbc.exceptions.SQLError.createSQLException(SQLError.java:120)
	at com.mysql.cj.jdbc.exceptions.SQLError.createSQLException(SQLError.java:97)
	at com.mysql.cj.jdbc.exceptions.SQLExceptionsMapping.translateException(SQLExceptionsMapping.java:122)
	at com.mysql.cj.jdbc.StatementImpl.executeInternal(StatementImpl.java:782)
	at com.mysql.cj.jdbc.StatementImpl.execute(StatementImpl.java:666)
	at by.anelkin.easylearning.service.AccountServiceTest.AccountService_InitAuthorPage_ShouldInitAuthorCoursesCorrectly(AccountServiceTest.java:675)
</failure>
  </testcase>
  <testcase classname="by.anelkin.easylearning.service.AccountServiceTest" name="AccountService_Login_ShouldNotTakeAccIfPwdIncorrect" time="0.015">
    <failure message="PROCEDURE easylearning.dropTables does not exist" type="java.sql.SQLSyntaxErrorException">java.sql.SQLSyntaxErrorException: PROCEDURE easylearning.dropTables does not exist
	at com.mysql.cj.jdbc.exceptions.SQLError.createSQLException(SQLError.java:120)
	at com.mysql.cj.jdbc.exceptions.SQLError.createSQLException(SQLError.java:97)
	at com.mysql.cj.jdbc.exceptions.SQLExceptionsMapping.translateException(SQLExceptionsMapping.java:122)
	at com.mysql.cj.jdbc.StatementImpl.executeInternal(StatementImpl.java:782)
	at com.mysql.cj.jdbc.StatementImpl.execute(StatementImpl.java:666)
	at by.anelkin.easylearning.service.AccountServiceTest.AccountService_Login_ShouldNotTakeAccIfPwdIncorrect(AccountServiceTest.java:222)
</failure>
  </testcase>
  <testcase classname="by.anelkin.easylearning.service.AccountServiceTest" name="AccountService_Login_ShouldTakeCorrectAccount" time="0">
    <failure message="PROCEDURE easylearning.dropTables does not exist" type="java.sql.SQLSyntaxErrorException">java.sql.SQLSyntaxErrorException: PROCEDURE easylearning.dropTables does not exist
	at com.mysql.cj.jdbc.exceptions.SQLError.createSQLException(SQLError.java:120)
	at com.mysql.cj.jdbc.exceptions.SQLError.createSQLException(SQLError.java:97)
	at com.mysql.cj.jdbc.exceptions.SQLExceptionsMapping.translateException(SQLExceptionsMapping.java:122)
	at com.mysql.cj.jdbc.StatementImpl.executeInternal(StatementImpl.java:782)
	at com.mysql.cj.jdbc.StatementImpl.execute(StatementImpl.java:666)
	at by.anelkin.easylearning.service.AccountServiceTest.AccountService_Login_ShouldTakeCorrectAccount(AccountServiceTest.java:194)
</failure>
  </testcase>
  <testcase classname="by.anelkin.easylearning.service.AccountServiceTest" name="AccountService_PickTargetNameFromUri_ShouldReturnCorrectString" time="0"/>
  <testcase classname="by.anelkin.easylearning.service.AccountServiceTest" name="AccountService_SignUp_ShouldInsertNewAcc" time="0">
    <failure message="PROCEDURE easylearning.dropTables does not exist" type="java.sql.SQLSyntaxErrorException">java.sql.SQLSyntaxErrorException: PROCEDURE easylearning.dropTables does not exist
	at com.mysql.cj.jdbc.exceptions.SQLError.createSQLException(SQLError.java:120)
	at com.mysql.cj.jdbc.exceptions.SQLError.createSQLException(SQLError.java:97)
	at com.mysql.cj.jdbc.exceptions.SQLExceptionsMapping.translateException(SQLExceptionsMapping.java:122)
	at com.mysql.cj.jdbc.StatementImpl.executeInternal(StatementImpl.java:782)
	at com.mysql.cj.jdbc.StatementImpl.execute(StatementImpl.java:666)
	at by.anelkin.easylearning.service.AccountServiceTest.AccountService_SignUp_ShouldInsertNewAcc(AccountServiceTest.java:251)
</failure>
  </testcase>
  <testcase classname="by.anelkin.easylearning.service.AccountServiceTest" name="AccountService_SignUp_ShouldNotInsertNewAccIfLoginExists" time="0">
    <failure message="PROCEDURE easylearning.dropTables does not exist" type="java.sql.SQLSyntaxErrorException">java.sql.SQLSyntaxErrorException: PROCEDURE easylearning.dropTables does not exist
	at com.mysql.cj.jdbc.exceptions.SQLError.createSQLException(SQLError.java:120)
	at com.mysql.cj.jdbc.exceptions.SQLError.createSQLException(SQLError.java:97)
	at com.mysql.cj.jdbc.exceptions.SQLExceptionsMapping.translateException(SQLExceptionsMapping.java:122)
	at com.mysql.cj.jdbc.StatementImpl.executeInternal(StatementImpl.java:782)
	at com.mysql.cj.jdbc.StatementImpl.execute(StatementImpl.java:666)
	at by.anelkin.easylearning.service.AccountServiceTest.AccountService_SignUp_ShouldNotInsertNewAccIfLoginExists(AccountServiceTest.java:282)
</failure>
  </testcase>
  <testcase classname="by.anelkin.easylearning.service.CourseServiceTest" name="CourseService_AddCourseImgToReview_ShouldUpdateTargetAccountCorrectly" time="0">
    <failure message="PROCEDURE easylearning.dropTables does not exist" type="java.sql.SQLSyntaxErrorException">java.sql.SQLSyntaxErrorException: PROCEDURE easylearning.dropTables does not exist
	at com.mysql.cj.jdbc.exceptions.SQLError.createSQLException(SQLError.java:120)
	at com.mysql.cj.jdbc.exceptions.SQLError.createSQLException(SQLError.java:97)
	at com.mysql.cj.jdbc.exceptions.SQLExceptionsMapping.translateException(SQLExceptionsMapping.java:122)
	at com.mysql.cj.jdbc.StatementImpl.executeInternal(StatementImpl.java:782)
	at com.mysql.cj.jdbc.StatementImpl.execute(StatementImpl.java:666)
	at by.anelkin.easylearning.service.CourseServiceTest.CourseService_AddCourseImgToReview_ShouldUpdateTargetAccountCorrectly(CourseServiceTest.java:74)
</failure>
  </testcase>
  <testcase classname="by.anelkin.easylearning.service.CourseServiceTest" name="CourseService_ApproveCourseImgChange_ShouldClearUpdateImgPath" time="0">
    <failure message="PROCEDURE easylearning.dropTables does not exist" type="java.sql.SQLSyntaxErrorException">java.sql.SQLSyntaxErrorException: PROCEDURE easylearning.dropTables does not exist
	at com.mysql.cj.jdbc.exceptions.SQLError.createSQLException(SQLError.java:120)
	at com.mysql.cj.jdbc.exceptions.SQLError.createSQLException(SQLError.java:97)
	at com.mysql.cj.jdbc.exceptions.SQLExceptionsMapping.translateException(SQLExceptionsMapping.java:122)
	at com.mysql.cj.jdbc.StatementImpl.executeInternal(StatementImpl.java:782)
	at com.mysql.cj.jdbc.StatementImpl.execute(StatementImpl.java:666)
	at by.anelkin.easylearning.service.CourseServiceTest.CourseService_ApproveCourseImgChange_ShouldClearUpdateImgPath(CourseServiceTest.java:136)
</failure>
  </testcase>
  <testcase classname="by.anelkin.easylearning.service.CourseServiceTest" name="CourseService_ApproveCourseImgChange_ShouldUpdateTargetAccPathToPhoto" time="0">
    <failure message="PROCEDURE easylearning.dropTables does not exist" type="java.sql.SQLSyntaxErrorException">java.sql.SQLSyntaxErrorException: PROCEDURE easylearning.dropTables does not exist
	at com.mysql.cj.jdbc.exceptions.SQLError.createSQLException(SQLError.java:120)
	at com.mysql.cj.jdbc.exceptions.SQLError.createSQLException(SQLError.java:97)
	at com.mysql.cj.jdbc.exceptions.SQLExceptionsMapping.translateException(SQLExceptionsMapping.java:122)
	at com.mysql.cj.jdbc.StatementImpl.executeInternal(StatementImpl.java:782)
	at com.mysql.cj.jdbc.StatementImpl.execute(StatementImpl.java:666)
	at by.anelkin.easylearning.service.CourseServiceTest.CourseService_ApproveCourseImgChange_ShouldUpdateTargetAccPathToPhoto(CourseServiceTest.java:104)
</failure>
  </testcase>
  <testcase classname="by.anelkin.easylearning.service.CourseServiceTest" name="CourseService_ApproveCourse_ShouldUpdateCourseStatus" time="0">
    <failure message="PROCEDURE easylearning.dropTables does not exist" type="java.sql.SQLSyntaxErrorException">java.sql.SQLSyntaxErrorException: PROCEDURE easylearning.dropTables does not exist
	at com.mysql.cj.jdbc.exceptions.SQLError.createSQLException(SQLError.java:120)
	at com.mysql.cj.jdbc.exceptions.SQLError.createSQLException(SQLError.java:97)
	at com.mysql.cj.jdbc.exceptions.SQLExceptionsMapping.translateException(SQLExceptionsMapping.java:122)
	at com.mysql.cj.jdbc.StatementImpl.executeInternal(StatementImpl.java:782)
	at com.mysql.cj.jdbc.StatementImpl.execute(StatementImpl.java:666)
	at by.anelkin.easylearning.service.CourseServiceTest.CourseService_ApproveCourse_ShouldUpdateCourseStatus(CourseServiceTest.java:337)
</failure>
  </testcase>
  <testcase classname="by.anelkin.easylearning.service.CourseServiceTest" name="CourseService_DeclineCourseImgChange_ShouldClearAccUpdatePhotoPath" time="0">
    <failure message="PROCEDURE easylearning.dropTables does not exist" type="java.sql.SQLSyntaxErrorException">java.sql.SQLSyntaxErrorException: PROCEDURE easylearning.dropTables does not exist
	at com.mysql.cj.jdbc.exceptions.SQLError.createSQLException(SQLError.java:120)
	at com.mysql.cj.jdbc.exceptions.SQLError.createSQLException(SQLError.java:97)
	at com.mysql.cj.jdbc.exceptions.SQLExceptionsMapping.translateException(SQLExceptionsMapping.java:122)
	at com.mysql.cj.jdbc.StatementImpl.executeInternal(StatementImpl.java:782)
	at com.mysql.cj.jdbc.StatementImpl.execute(StatementImpl.java:666)
	at by.anelkin.easylearning.service.CourseServiceTest.CourseService_DeclineCourseImgChange_ShouldClearAccUpdatePhotoPath(CourseServiceTest.java:200)
</failure>
  </testcase>
  <testcase classname="by.anelkin.easylearning.service.CourseServiceTest" name="CourseService_DeclineCourseImgChange_ShouldNotChangeAccPathToImg" time="0.016">
    <failure message="PROCEDURE easylearning.dropTables does not exist" type="java.sql.SQLSyntaxErrorException">java.sql.SQLSyntaxErrorException: PROCEDURE easylearning.dropTables does not exist
	at com.mysql.cj.jdbc.exceptions.SQLError.createSQLException(SQLError.java:120)
	at com.mysql.cj.jdbc.exceptions.SQLError.createSQLException(SQLError.java:97)
	at com.mysql.cj.jdbc.exceptions.SQLExceptionsMapping.translateException(SQLExceptionsMapping.java:122)
	at com.mysql.cj.jdbc.StatementImpl.executeInternal(StatementImpl.java:782)
	at com.mysql.cj.jdbc.StatementImpl.execute(StatementImpl.java:666)
	at by.anelkin.easylearning.service.CourseServiceTest.CourseService_DeclineCourseImgChange_ShouldNotChangeAccPathToImg(CourseServiceTest.java:168)
</failure>
  </testcase>
  <testcase classname="by.anelkin.easylearning.service.CourseServiceTest" name="CourseService_FreezeCourse_ShouldUpdateCorrectlyCourseState" time="0">
    <failure message="PROCEDURE easylearning.dropTables does not exist" type="java.sql.SQLSyntaxErrorException">java.sql.SQLSyntaxErrorException: PROCEDURE easylearning.dropTables does not exist
	at com.mysql.cj.jdbc.exceptions.SQLError.createSQLException(SQLError.java:120)
	at com.mysql.cj.jdbc.exceptions.SQLError.createSQLException(SQLError.java:97)
	at com.mysql.cj.jdbc.exceptions.SQLExceptionsMapping.translateException(SQLExceptionsMapping.java:122)
	at com.mysql.cj.jdbc.StatementImpl.executeInternal(StatementImpl.java:782)
	at com.mysql.cj.jdbc.StatementImpl.execute(StatementImpl.java:666)
	at by.anelkin.easylearning.service.CourseServiceTest.CourseService_FreezeCourse_ShouldUpdateCorrectlyCourseState(CourseServiceTest.java:366)
</failure>
  </testcase>
  <testcase classname="by.anelkin.easylearning.service.CourseServiceTest" name="CourseService_InitCourseApprovalPage" time="0">
    <failure message="PROCEDURE easylearning.dropTables does not exist" type="java.sql.SQLSyntaxErrorException">java.sql.SQLSyntaxErrorException: PROCEDURE easylearning.dropTables does not exist
	at com.mysql.cj.jdbc.exceptions.SQLError.createSQLException(SQLError.java:120)
	at com.mysql.cj.jdbc.exceptions.SQLError.createSQLException(SQLError.java:97)
	at com.mysql.cj.jdbc.exceptions.SQLExceptionsMapping.translateException(SQLExceptionsMapping.java:122)
	at com.mysql.cj.jdbc.StatementImpl.executeInternal(StatementImpl.java:782)
	at com.mysql.cj.jdbc.StatementImpl.execute(StatementImpl.java:666)
	at by.anelkin.easylearning.service.CourseServiceTest.CourseService_InitCourseApprovalPage(CourseServiceTest.java:263)
</failure>
  </testcase>
  <testcase classname="by.anelkin.easylearning.service.CourseServiceTest" name="CourseService_InitCourseImgApprovalPage_ShouldCorrectlyInitCoursesList" time="0">
    <failure message="PROCEDURE easylearning.dropTables does not exist" type="java.sql.SQLSyntaxErrorException">java.sql.SQLSyntaxErrorException: PROCEDURE easylearning.dropTables does not exist
	at com.mysql.cj.jdbc.exceptions.SQLError.createSQLException(SQLError.java:120)
	at com.mysql.cj.jdbc.exceptions.SQLError.createSQLException(SQLError.java:97)
	at com.mysql.cj.jdbc.exceptions.SQLExceptionsMapping.translateException(SQLExceptionsMapping.java:122)
	at com.mysql.cj.jdbc.StatementImpl.executeInternal(StatementImpl.java:782)
	at com.mysql.cj.jdbc.StatementImpl.execute(StatementImpl.java:666)
	at by.anelkin.easylearning.service.CourseServiceTest.CourseService_InitCourseImgApprovalPage_ShouldCorrectlyInitCoursesList(CourseServiceTest.java:311)
</failure>
  </testcase>
  <testcase classname="by.anelkin.easylearning.service.CourseServiceTest" name="CourseService_InitCoursePage_ShouldInitAttributesCorrectly" time="0">
    <failure message="PROCEDURE easylearning.dropTables does not exist" type="java.sql.SQLSyntaxErrorException">java.sql.SQLSyntaxErrorException: PROCEDURE easylearning.dropTables does not exist
	at com.mysql.cj.jdbc.exceptions.SQLError.createSQLException(SQLError.java:120)
	at com.mysql.cj.jdbc.exceptions.SQLError.createSQLException(SQLError.java:97)
	at com.mysql.cj.jdbc.exceptions.SQLExceptionsMapping.translateException(SQLExceptionsMapping.java:122)
	at com.mysql.cj.jdbc.StatementImpl.executeInternal(StatementImpl.java:782)
	at com.mysql.cj.jdbc.StatementImpl.execute(StatementImpl.java:666)
	at by.anelkin.easylearning.service.CourseServiceTest.CourseService_InitCoursePage_ShouldInitAttributesCorrectly(CourseServiceTest.java:232)
</failure>
  </testcase>
  <testcase classname="by.anelkin.easylearning.service.CourseServiceTest" name="CourseService_SearchCourses_ShouldCorrectlySearchCourses" time="0">
    <failure message="PROCEDURE easylearning.dropTables does not exist" type="java.sql.SQLSyntaxErrorException">java.sql.SQLSyntaxErrorException: PROCEDURE easylearning.dropTables does not exist
	at com.mysql.cj.jdbc.exceptions.SQLError.createSQLException(SQLError.java:120)
	at com.mysql.cj.jdbc.exceptions.SQLError.createSQLException(SQLError.java:97)
	at com.mysql.cj.jdbc.exceptions.SQLExceptionsMapping.translateException(SQLExceptionsMapping.java:122)
	at com.mysql.cj.jdbc.StatementImpl.executeInternal(StatementImpl.java:782)
	at com.mysql.cj.jdbc.StatementImpl.execute(StatementImpl.java:666)
	at by.anelkin.easylearning.service.CourseServiceTest.CourseService_SearchCourses_ShouldCorrectlySearchCourses(CourseServiceTest.java:286)
</failure>
  </testcase>
  <testcase classname="by.anelkin.easylearning.service.MarkServiceTest" name="MarkService_MarkAuthor_ShouldAddMarkIntoDb" time="0">
    <failure message="PROCEDURE easylearning.dropTables does not exist" type="java.sql.SQLSyntaxErrorException">java.sql.SQLSyntaxErrorException: PROCEDURE easylearning.dropTables does not exist
	at com.mysql.cj.jdbc.exceptions.SQLError.createSQLException(SQLError.java:120)
	at com.mysql.cj.jdbc.exceptions.SQLError.createSQLException(SQLError.java:97)
	at com.mysql.cj.jdbc.exceptions.SQLExceptionsMapping.translateException(SQLExceptionsMapping.java:122)
	at com.mysql.cj.jdbc.StatementImpl.executeInternal(StatementImpl.java:782)
	at com.mysql.cj.jdbc.StatementImpl.execute(StatementImpl.java:666)
	at by.anelkin.easylearning.service.MarkServiceTest.MarkService_MarkAuthor_ShouldAddMarkIntoDb(MarkServiceTest.java:74)
</failure>
  </testcase>
  <testcase classname="by.anelkin.easylearning.service.MarkServiceTest" name="MarkService_MarkAuthor_ShouldThrowExceptionIfOperationDenied" time="0">
    <failure message="
Expected exception of type class by.anelkin.easylearning.exception.ServiceException but got java.sql.SQLSyntaxErrorException: PROCEDURE easylearning.dropTables does not exist" type="org.testng.TestException">org.testng.TestException: 
Expected exception of type class by.anelkin.easylearning.exception.ServiceException but got java.sql.SQLSyntaxErrorException: PROCEDURE easylearning.dropTables does not exist
	at org.testng.internal.ExpectedExceptionsHolder.wrongException(ExpectedExceptionsHolder.java:68)
	at org.testng.internal.Invoker.considerExceptions(Invoker.java:1130)
	at org.testng.internal.Invoker.invokeMethod(Invoker.java:615)
	at org.testng.internal.Invoker.invokeTestMethod(Invoker.java:719)
	at org.testng.internal.Invoker.invokeTestMethods(Invoker.java:989)
	at org.testng.internal.TestMethodWorker.invokeTestMethods(TestMethodWorker.java:125)
	at org.testng.internal.TestMethodWorker.run(TestMethodWorker.java:109)
	at org.testng.TestRunner.privateRun(TestRunner.java:648)
	at org.testng.TestRunner.run(TestRunner.java:505)
	at org.testng.SuiteRunner.runTest(SuiteRunner.java:455)
	at org.testng.SuiteRunner.runSequentially(SuiteRunner.java:450)
	at org.testng.SuiteRunner.privateRun(SuiteRunner.java:415)
	at org.testng.SuiteRunner.run(SuiteRunner.java:364)
	at org.testng.SuiteRunnerWorker.runSuite(SuiteRunnerWorker.java:52)
	at org.testng.SuiteRunnerWorker.run(SuiteRunnerWorker.java:84)
	at org.testng.TestNG.runSuitesSequentially(TestNG.java:1208)
	at org.testng.TestNG.runSuitesLocally(TestNG.java:1137)
	at org.testng.TestNG.runSuites(TestNG.java:1049)
	at org.testng.TestNG.run(TestNG.java:1017)
	at org.apache.maven.surefire.testng.TestNGExecutor.run(TestNGExecutor.java:77)
	at org.apache.maven.surefire.testng.TestNGDirectoryTestSuite.executeMulti(TestNGDirectoryTestSuite.java:159)
	at org.apache.maven.surefire.testng.TestNGDirectoryTestSuite.execute(TestNGDirectoryTestSuite.java:99)
	at org.apache.maven.surefire.testng.TestNGProvider.invoke(TestNGProvider.java:106)
	at java.base/jdk.internal.reflect.NativeMethodAccessorImpl.invoke0(Native Method)
	at java.base/jdk.internal.reflect.NativeMethodAccessorImpl.invoke(NativeMethodAccessorImpl.java:62)
	at java.base/jdk.internal.reflect.DelegatingMethodAccessorImpl.invoke(DelegatingMethodAccessorImpl.java:43)
	at java.base/java.lang.reflect.Method.invoke(Method.java:566)
	at org.apache.maven.surefire.util.ReflectionUtils.invokeMethodWithArray(ReflectionUtils.java:189)
	at org.apache.maven.surefire.booter.ProviderFactory$ProviderProxy.invoke(ProviderFactory.java:165)
	at org.apache.maven.surefire.booter.ProviderFactory.invokeProvider(ProviderFactory.java:85)
	at org.apache.maven.surefire.booter.ForkedBooter.runSuitesInProcess(ForkedBooter.java:115)
	at org.apache.maven.surefire.booter.ForkedBooter.main(ForkedBooter.java:75)
Caused by: java.sql.SQLSyntaxErrorException: PROCEDURE easylearning.dropTables does not exist
	at com.mysql.cj.jdbc.exceptions.SQLError.createSQLException(SQLError.java:120)
	at com.mysql.cj.jdbc.exceptions.SQLError.createSQLException(SQLError.java:97)
	at com.mysql.cj.jdbc.exceptions.SQLExceptionsMapping.translateException(SQLExceptionsMapping.java:122)
	at com.mysql.cj.jdbc.StatementImpl.executeInternal(StatementImpl.java:782)
	at com.mysql.cj.jdbc.StatementImpl.execute(StatementImpl.java:666)
	at by.anelkin.easylearning.service.MarkServiceTest.MarkService_MarkAuthor_ShouldThrowExceptionIfOperationDenied(MarkServiceTest.java:134)
	at java.base/jdk.internal.reflect.NativeMethodAccessorImpl.invoke0(Native Method)
	at java.base/jdk.internal.reflect.NativeMethodAccessorImpl.invoke(NativeMethodAccessorImpl.java:62)
	at java.base/jdk.internal.reflect.DelegatingMethodAccessorImpl.invoke(DelegatingMethodAccessorImpl.java:43)
	at java.base/java.lang.reflect.Method.invoke(Method.java:566)
	at org.testng.internal.MethodInvocationHelper.invokeMethod(MethodInvocationHelper.java:124)
	at org.testng.internal.Invoker.invokeMethod(Invoker.java:583)
	... 29 more
Caused by: java.sql.SQLSyntaxErrorException: PROCEDURE easylearning.dropTables does not exist
	at com.mysql.cj.jdbc.exceptions.SQLError.createSQLException(SQLError.java:120)
	at com.mysql.cj.jdbc.exceptions.SQLError.createSQLException(SQLError.java:97)
	at com.mysql.cj.jdbc.exceptions.SQLExceptionsMapping.translateException(SQLExceptionsMapping.java:122)
	at com.mysql.cj.jdbc.StatementImpl.executeInternal(StatementImpl.java:782)
	at com.mysql.cj.jdbc.StatementImpl.execute(StatementImpl.java:666)
	at by.anelkin.easylearning.service.MarkServiceTest.MarkService_MarkAuthor_ShouldThrowExceptionIfOperationDenied(MarkServiceTest.java:134)
	at java.base/jdk.internal.reflect.NativeMethodAccessorImpl.invoke0(Native Method)
	at java.base/jdk.internal.reflect.NativeMethodAccessorImpl.invoke(NativeMethodAccessorImpl.java:62)
	at java.base/jdk.internal.reflect.DelegatingMethodAccessorImpl.invoke(DelegatingMethodAccessorImpl.java:43)
	at java.base/java.lang.reflect.Method.invoke(Method.java:566)
	at org.testng.internal.MethodInvocationHelper.invokeMethod(MethodInvocationHelper.java:124)
	at org.testng.internal.Invoker.invokeMethod(Invoker.java:583)
	... 29 more
</failure>
  </testcase>
  <testcase classname="by.anelkin.easylearning.service.MarkServiceTest" name="MarkService_MarkAuthor_ShouldUpdateAuthorAvgMark" time="0.016">
    <failure message="PROCEDURE easylearning.dropTables does not exist" type="java.sql.SQLSyntaxErrorException">java.sql.SQLSyntaxErrorException: PROCEDURE easylearning.dropTables does not exist
	at com.mysql.cj.jdbc.exceptions.SQLError.createSQLException(SQLError.java:120)
	at com.mysql.cj.jdbc.exceptions.SQLError.createSQLException(SQLError.java:97)
	at com.mysql.cj.jdbc.exceptions.SQLExceptionsMapping.translateException(SQLExceptionsMapping.java:122)
	at com.mysql.cj.jdbc.StatementImpl.executeInternal(StatementImpl.java:782)
	at com.mysql.cj.jdbc.StatementImpl.execute(StatementImpl.java:666)
	at by.anelkin.easylearning.service.MarkServiceTest.MarkService_MarkAuthor_ShouldUpdateAuthorAvgMark(MarkServiceTest.java:105)
</failure>
  </testcase>
  <testcase classname="by.anelkin.easylearning.service.MarkServiceTest" name="MarkService_MarkCourse_ShouldAddMarkIntoDb" time="0">
    <failure message="PROCEDURE easylearning.dropTables does not exist" type="java.sql.SQLSyntaxErrorException">java.sql.SQLSyntaxErrorException: PROCEDURE easylearning.dropTables does not exist
	at com.mysql.cj.jdbc.exceptions.SQLError.createSQLException(SQLError.java:120)
	at com.mysql.cj.jdbc.exceptions.SQLError.createSQLException(SQLError.java:97)
	at com.mysql.cj.jdbc.exceptions.SQLExceptionsMapping.translateException(SQLExceptionsMapping.java:122)
	at com.mysql.cj.jdbc.StatementImpl.executeInternal(StatementImpl.java:782)
	at com.mysql.cj.jdbc.StatementImpl.execute(StatementImpl.java:666)
	at by.anelkin.easylearning.service.MarkServiceTest.MarkService_MarkCourse_ShouldAddMarkIntoDb(MarkServiceTest.java:159)
</failure>
  </testcase>
  <testcase classname="by.anelkin.easylearning.service.MarkServiceTest" name="MarkService_MarkCourse_ShouldThrowExceptionIfAccessDenied" time="0.015">
    <failure message="
Expected exception of type class by.anelkin.easylearning.exception.ServiceException but got java.sql.SQLSyntaxErrorException: PROCEDURE easylearning.dropTables does not exist" type="org.testng.TestException">org.testng.TestException: 
Expected exception of type class by.anelkin.easylearning.exception.ServiceException but got java.sql.SQLSyntaxErrorException: PROCEDURE easylearning.dropTables does not exist
	at org.testng.internal.ExpectedExceptionsHolder.wrongException(ExpectedExceptionsHolder.java:68)
	at org.testng.internal.Invoker.considerExceptions(Invoker.java:1130)
	at org.testng.internal.Invoker.invokeMethod(Invoker.java:615)
	at org.testng.internal.Invoker.invokeTestMethod(Invoker.java:719)
	at org.testng.internal.Invoker.invokeTestMethods(Invoker.java:989)
	at org.testng.internal.TestMethodWorker.invokeTestMethods(TestMethodWorker.java:125)
	at org.testng.internal.TestMethodWorker.run(TestMethodWorker.java:109)
	at org.testng.TestRunner.privateRun(TestRunner.java:648)
	at org.testng.TestRunner.run(TestRunner.java:505)
	at org.testng.SuiteRunner.runTest(SuiteRunner.java:455)
	at org.testng.SuiteRunner.runSequentially(SuiteRunner.java:450)
	at org.testng.SuiteRunner.privateRun(SuiteRunner.java:415)
	at org.testng.SuiteRunner.run(SuiteRunner.java:364)
	at org.testng.SuiteRunnerWorker.runSuite(SuiteRunnerWorker.java:52)
	at org.testng.SuiteRunnerWorker.run(SuiteRunnerWorker.java:84)
	at org.testng.TestNG.runSuitesSequentially(TestNG.java:1208)
	at org.testng.TestNG.runSuitesLocally(TestNG.java:1137)
	at org.testng.TestNG.runSuites(TestNG.java:1049)
	at org.testng.TestNG.run(TestNG.java:1017)
	at org.apache.maven.surefire.testng.TestNGExecutor.run(TestNGExecutor.java:77)
	at org.apache.maven.surefire.testng.TestNGDirectoryTestSuite.executeMulti(TestNGDirectoryTestSuite.java:159)
	at org.apache.maven.surefire.testng.TestNGDirectoryTestSuite.execute(TestNGDirectoryTestSuite.java:99)
	at org.apache.maven.surefire.testng.TestNGProvider.invoke(TestNGProvider.java:106)
	at java.base/jdk.internal.reflect.NativeMethodAccessorImpl.invoke0(Native Method)
	at java.base/jdk.internal.reflect.NativeMethodAccessorImpl.invoke(NativeMethodAccessorImpl.java:62)
	at java.base/jdk.internal.reflect.DelegatingMethodAccessorImpl.invoke(DelegatingMethodAccessorImpl.java:43)
	at java.base/java.lang.reflect.Method.invoke(Method.java:566)
	at org.apache.maven.surefire.util.ReflectionUtils.invokeMethodWithArray(ReflectionUtils.java:189)
	at org.apache.maven.surefire.booter.ProviderFactory$ProviderProxy.invoke(ProviderFactory.java:165)
	at org.apache.maven.surefire.booter.ProviderFactory.invokeProvider(ProviderFactory.java:85)
	at org.apache.maven.surefire.booter.ForkedBooter.runSuitesInProcess(ForkedBooter.java:115)
	at org.apache.maven.surefire.booter.ForkedBooter.main(ForkedBooter.java:75)
Caused by: java.sql.SQLSyntaxErrorException: PROCEDURE easylearning.dropTables does not exist
	at com.mysql.cj.jdbc.exceptions.SQLError.createSQLException(SQLError.java:120)
	at com.mysql.cj.jdbc.exceptions.SQLError.createSQLException(SQLError.java:97)
	at com.mysql.cj.jdbc.exceptions.SQLExceptionsMapping.translateException(SQLExceptionsMapping.java:122)
	at com.mysql.cj.jdbc.StatementImpl.executeInternal(StatementImpl.java:782)
	at com.mysql.cj.jdbc.StatementImpl.execute(StatementImpl.java:666)
	at by.anelkin.easylearning.service.MarkServiceTest.MarkService_MarkCourse_ShouldThrowExceptionIfAccessDenied(MarkServiceTest.java:222)
	at java.base/jdk.internal.reflect.NativeMethodAccessorImpl.invoke0(Native Method)
	at java.base/jdk.internal.reflect.NativeMethodAccessorImpl.invoke(NativeMethodAccessorImpl.java:62)
	at java.base/jdk.internal.reflect.DelegatingMethodAccessorImpl.invoke(DelegatingMethodAccessorImpl.java:43)
	at java.base/java.lang.reflect.Method.invoke(Method.java:566)
	at org.testng.internal.MethodInvocationHelper.invokeMethod(MethodInvocationHelper.java:124)
	at org.testng.internal.Invoker.invokeMethod(Invoker.java:583)
	... 29 more
Caused by: java.sql.SQLSyntaxErrorException: PROCEDURE easylearning.dropTables does not exist
	at com.mysql.cj.jdbc.exceptions.SQLError.createSQLException(SQLError.java:120)
	at com.mysql.cj.jdbc.exceptions.SQLError.createSQLException(SQLError.java:97)
	at com.mysql.cj.jdbc.exceptions.SQLExceptionsMapping.translateException(SQLExceptionsMapping.java:122)
	at com.mysql.cj.jdbc.StatementImpl.executeInternal(StatementImpl.java:782)
	at com.mysql.cj.jdbc.StatementImpl.execute(StatementImpl.java:666)
	at by.anelkin.easylearning.service.MarkServiceTest.MarkService_MarkCourse_ShouldThrowExceptionIfAccessDenied(MarkServiceTest.java:222)
	at java.base/jdk.internal.reflect.NativeMethodAccessorImpl.invoke0(Native Method)
	at java.base/jdk.internal.reflect.NativeMethodAccessorImpl.invoke(NativeMethodAccessorImpl.java:62)
	at java.base/jdk.internal.reflect.DelegatingMethodAccessorImpl.invoke(DelegatingMethodAccessorImpl.java:43)
	at java.base/java.lang.reflect.Method.invoke(Method.java:566)
	at org.testng.internal.MethodInvocationHelper.invokeMethod(MethodInvocationHelper.java:124)
	at org.testng.internal.Invoker.invokeMethod(Invoker.java:583)
	... 29 more
</failure>
  </testcase>
  <testcase classname="by.anelkin.easylearning.service.MarkServiceTest" name="MarkService_MarkCourse_ShouldUpdateCourseAvgMark" time="0">
    <failure message="PROCEDURE easylearning.dropTables does not exist" type="java.sql.SQLSyntaxErrorException">java.sql.SQLSyntaxErrorException: PROCEDURE easylearning.dropTables does not exist
	at com.mysql.cj.jdbc.exceptions.SQLError.createSQLException(SQLError.java:120)
	at com.mysql.cj.jdbc.exceptions.SQLError.createSQLException(SQLError.java:97)
	at com.mysql.cj.jdbc.exceptions.SQLExceptionsMapping.translateException(SQLExceptionsMapping.java:122)
	at com.mysql.cj.jdbc.StatementImpl.executeInternal(StatementImpl.java:782)
	at com.mysql.cj.jdbc.StatementImpl.execute(StatementImpl.java:666)
	at by.anelkin.easylearning.service.MarkServiceTest.MarkService_MarkCourse_ShouldUpdateCourseAvgMark(MarkServiceTest.java:191)
</failure>
  </testcase>
  <testcase classname="by.anelkin.easylearning.service.PaymentServiceTest" name="PaymentRepository_ProcessCashOutFromBalance_ShouldNotChangeAccBalanceIfInsufficientFunds" time="0">
    <failure message="PROCEDURE easylearning.dropTables does not exist" type="java.sql.SQLSyntaxErrorException">java.sql.SQLSyntaxErrorException: PROCEDURE easylearning.dropTables does not exist
	at com.mysql.cj.jdbc.exceptions.SQLError.createSQLException(SQLError.java:120)
	at com.mysql.cj.jdbc.exceptions.SQLError.createSQLException(SQLError.java:97)
	at com.mysql.cj.jdbc.exceptions.SQLExceptionsMapping.translateException(SQLExceptionsMapping.java:122)
	at com.mysql.cj.jdbc.StatementImpl.executeInternal(StatementImpl.java:782)
	at com.mysql.cj.jdbc.StatementImpl.execute(StatementImpl.java:666)
	at by.anelkin.easylearning.service.PaymentServiceTest.PaymentRepository_ProcessCashOutFromBalance_ShouldNotChangeAccBalanceIfInsufficientFunds(PaymentServiceTest.java:381)
</failure>
  </testcase>
  <testcase classname="by.anelkin.easylearning.service.PaymentServiceTest" name="PaymentRepository_ProcessCashOutFromBalance_ShouldNotInsertPaymentsIfInsufficientFunds" time="0">
    <failure message="PROCEDURE easylearning.dropTables does not exist" type="java.sql.SQLSyntaxErrorException">java.sql.SQLSyntaxErrorException: PROCEDURE easylearning.dropTables does not exist
	at com.mysql.cj.jdbc.exceptions.SQLError.createSQLException(SQLError.java:120)
	at com.mysql.cj.jdbc.exceptions.SQLError.createSQLException(SQLError.java:97)
	at com.mysql.cj.jdbc.exceptions.SQLExceptionsMapping.translateException(SQLExceptionsMapping.java:122)
	at com.mysql.cj.jdbc.StatementImpl.executeInternal(StatementImpl.java:782)
	at com.mysql.cj.jdbc.StatementImpl.execute(StatementImpl.java:666)
	at by.anelkin.easylearning.service.PaymentServiceTest.PaymentRepository_ProcessCashOutFromBalance_ShouldNotInsertPaymentsIfInsufficientFunds(PaymentServiceTest.java:411)
</failure>
  </testcase>
  <testcase classname="by.anelkin.easylearning.service.PaymentServiceTest" name="PaymentRepository_ProcessCashOutFromBalance_ShouldUpdateAccBalance" time="0.015">
    <failure message="PROCEDURE easylearning.dropTables does not exist" type="java.sql.SQLSyntaxErrorException">java.sql.SQLSyntaxErrorException: PROCEDURE easylearning.dropTables does not exist
	at com.mysql.cj.jdbc.exceptions.SQLError.createSQLException(SQLError.java:120)
	at com.mysql.cj.jdbc.exceptions.SQLError.createSQLException(SQLError.java:97)
	at com.mysql.cj.jdbc.exceptions.SQLExceptionsMapping.translateException(SQLExceptionsMapping.java:122)
	at com.mysql.cj.jdbc.StatementImpl.executeInternal(StatementImpl.java:782)
	at com.mysql.cj.jdbc.StatementImpl.execute(StatementImpl.java:666)
	at by.anelkin.easylearning.service.PaymentServiceTest.PaymentRepository_ProcessCashOutFromBalance_ShouldUpdateAccBalance(PaymentServiceTest.java:351)
</failure>
  </testcase>
  <testcase classname="by.anelkin.easylearning.service.PaymentServiceTest" name="PaymentRepository_ProcessDepositByCard_ShouldInsertOnePayment" time="0">
    <failure message="PROCEDURE easylearning.dropTables does not exist" type="java.sql.SQLSyntaxErrorException">java.sql.SQLSyntaxErrorException: PROCEDURE easylearning.dropTables does not exist
	at com.mysql.cj.jdbc.exceptions.SQLError.createSQLException(SQLError.java:120)
	at com.mysql.cj.jdbc.exceptions.SQLError.createSQLException(SQLError.java:97)
	at com.mysql.cj.jdbc.exceptions.SQLExceptionsMapping.translateException(SQLExceptionsMapping.java:122)
	at com.mysql.cj.jdbc.StatementImpl.executeInternal(StatementImpl.java:782)
	at com.mysql.cj.jdbc.StatementImpl.execute(StatementImpl.java:666)
	at by.anelkin.easylearning.service.PaymentServiceTest.PaymentRepository_ProcessDepositByCard_ShouldInsertOnePayment(PaymentServiceTest.java:320)
</failure>
  </testcase>
  <testcase classname="by.anelkin.easylearning.service.PaymentServiceTest" name="PaymentRepository_ProcessDepositByCard_ShouldUpdateAccBalance" time="0">
    <failure message="PROCEDURE easylearning.dropTables does not exist" type="java.sql.SQLSyntaxErrorException">java.sql.SQLSyntaxErrorException: PROCEDURE easylearning.dropTables does not exist
	at com.mysql.cj.jdbc.exceptions.SQLError.createSQLException(SQLError.java:120)
	at com.mysql.cj.jdbc.exceptions.SQLError.createSQLException(SQLError.java:97)
	at com.mysql.cj.jdbc.exceptions.SQLExceptionsMapping.translateException(SQLExceptionsMapping.java:122)
	at com.mysql.cj.jdbc.StatementImpl.executeInternal(StatementImpl.java:782)
	at com.mysql.cj.jdbc.StatementImpl.execute(StatementImpl.java:666)
	at by.anelkin.easylearning.service.PaymentServiceTest.PaymentRepository_ProcessDepositByCard_ShouldUpdateAccBalance(PaymentServiceTest.java:290)
</failure>
  </testcase>
  <testcase classname="by.anelkin.easylearning.service.PaymentServiceTest" name="PaymentRepository_ProcessPurchaseByCard_ShouldAddCourseInPurchased" time="0">
    <failure message="PROCEDURE easylearning.dropTables does not exist" type="java.sql.SQLSyntaxErrorException">java.sql.SQLSyntaxErrorException: PROCEDURE easylearning.dropTables does not exist
	at com.mysql.cj.jdbc.exceptions.SQLError.createSQLException(SQLError.java:120)
	at com.mysql.cj.jdbc.exceptions.SQLError.createSQLException(SQLError.java:97)
	at com.mysql.cj.jdbc.exceptions.SQLExceptionsMapping.translateException(SQLExceptionsMapping.java:122)
	at com.mysql.cj.jdbc.StatementImpl.executeInternal(StatementImpl.java:782)
	at com.mysql.cj.jdbc.StatementImpl.execute(StatementImpl.java:666)
	at by.anelkin.easylearning.service.PaymentServiceTest.PaymentRepository_ProcessPurchaseByCard_ShouldAddCourseInPurchased(PaymentServiceTest.java:259)
</failure>
  </testcase>
  <testcase classname="by.anelkin.easylearning.service.PaymentServiceTest" name="PaymentRepository_ProcessPurchaseByCard_ShouldDoNothingIfPurchasedAlready" time="0">
    <failure message="PROCEDURE easylearning.dropTables does not exist" type="java.sql.SQLSyntaxErrorException">java.sql.SQLSyntaxErrorException: PROCEDURE easylearning.dropTables does not exist
	at com.mysql.cj.jdbc.exceptions.SQLError.createSQLException(SQLError.java:120)
	at com.mysql.cj.jdbc.exceptions.SQLError.createSQLException(SQLError.java:97)
	at com.mysql.cj.jdbc.exceptions.SQLExceptionsMapping.translateException(SQLExceptionsMapping.java:122)
	at com.mysql.cj.jdbc.StatementImpl.executeInternal(StatementImpl.java:782)
	at com.mysql.cj.jdbc.StatementImpl.execute(StatementImpl.java:666)
	at by.anelkin.easylearning.service.PaymentServiceTest.PaymentRepository_ProcessPurchaseByCard_ShouldDoNothingIfPurchasedAlready(PaymentServiceTest.java:207)
</failure>
  </testcase>
  <testcase classname="by.anelkin.easylearning.service.PaymentServiceTest" name="PaymentRepository_ProcessPurchaseByCard_ShouldInsertTwoPayments" time="0.016">
    <failure message="PROCEDURE easylearning.dropTables does not exist" type="java.sql.SQLSyntaxErrorException">java.sql.SQLSyntaxErrorException: PROCEDURE easylearning.dropTables does not exist
	at com.mysql.cj.jdbc.exceptions.SQLError.createSQLException(SQLError.java:120)
	at com.mysql.cj.jdbc.exceptions.SQLError.createSQLException(SQLError.java:97)
	at com.mysql.cj.jdbc.exceptions.SQLExceptionsMapping.translateException(SQLExceptionsMapping.java:122)
	at com.mysql.cj.jdbc.StatementImpl.executeInternal(StatementImpl.java:782)
	at com.mysql.cj.jdbc.StatementImpl.execute(StatementImpl.java:666)
	at by.anelkin.easylearning.service.PaymentServiceTest.PaymentRepository_ProcessPurchaseByCard_ShouldInsertTwoPayments(PaymentServiceTest.java:233)
</failure>
  </testcase>
  <testcase classname="by.anelkin.easylearning.service.PaymentServiceTest" name="PaymentRepository_ProcessPurchaseFromBalance_ShouldAddCourseToPurchased" time="0">
    <failure message="PROCEDURE easylearning.dropTables does not exist" type="java.sql.SQLSyntaxErrorException">java.sql.SQLSyntaxErrorException: PROCEDURE easylearning.dropTables does not exist
	at com.mysql.cj.jdbc.exceptions.SQLError.createSQLException(SQLError.java:120)
	at com.mysql.cj.jdbc.exceptions.SQLError.createSQLException(SQLError.java:97)
	at com.mysql.cj.jdbc.exceptions.SQLExceptionsMapping.translateException(SQLExceptionsMapping.java:122)
	at com.mysql.cj.jdbc.StatementImpl.executeInternal(StatementImpl.java:782)
	at com.mysql.cj.jdbc.StatementImpl.execute(StatementImpl.java:666)
	at by.anelkin.easylearning.service.PaymentServiceTest.PaymentRepository_ProcessPurchaseFromBalance_ShouldAddCourseToPurchased(PaymentServiceTest.java:131)
</failure>
  </testcase>
  <testcase classname="by.anelkin.easylearning.service.PaymentServiceTest" name="PaymentRepository_ProcessPurchaseFromBalance_ShouldDoNothingIfInsufficientFunds" time="0">
    <failure message="PROCEDURE easylearning.dropTables does not exist" type="java.sql.SQLSyntaxErrorException">java.sql.SQLSyntaxErrorException: PROCEDURE easylearning.dropTables does not exist
	at com.mysql.cj.jdbc.exceptions.SQLError.createSQLException(SQLError.java:120)
	at com.mysql.cj.jdbc.exceptions.SQLError.createSQLException(SQLError.java:97)
	at com.mysql.cj.jdbc.exceptions.SQLExceptionsMapping.translateException(SQLExceptionsMapping.java:122)
	at com.mysql.cj.jdbc.StatementImpl.executeInternal(StatementImpl.java:782)
	at com.mysql.cj.jdbc.StatementImpl.execute(StatementImpl.java:666)
	at by.anelkin.easylearning.service.PaymentServiceTest.PaymentRepository_ProcessPurchaseFromBalance_ShouldDoNothingIfInsufficientFunds(PaymentServiceTest.java:181)
</failure>
  </testcase>
  <testcase classname="by.anelkin.easylearning.service.PaymentServiceTest" name="PaymentRepository_ProcessPurchaseFromBalance_ShouldInsertTwoPayments" time="0">
    <failure message="PROCEDURE easylearning.dropTables does not exist" type="java.sql.SQLSyntaxErrorException">java.sql.SQLSyntaxErrorException: PROCEDURE easylearning.dropTables does not exist
	at com.mysql.cj.jdbc.exceptions.SQLError.createSQLException(SQLError.java:120)
	at com.mysql.cj.jdbc.exceptions.SQLError.createSQLException(SQLError.java:97)
	at com.mysql.cj.jdbc.exceptions.SQLExceptionsMapping.translateException(SQLExceptionsMapping.java:122)
	at com.mysql.cj.jdbc.StatementImpl.executeInternal(StatementImpl.java:782)
	at com.mysql.cj.jdbc.StatementImpl.execute(StatementImpl.java:666)
	at by.anelkin.easylearning.service.PaymentServiceTest.PaymentRepository_ProcessPurchaseFromBalance_ShouldInsertTwoPayments(PaymentServiceTest.java:106)
</failure>
  </testcase>
  <testcase classname="by.anelkin.easylearning.service.PaymentServiceTest" name="PaymentRepository_ProcessPurchaseFromBalance_ShouldNotInsertPaymentsIfPurchasedAlready" time="0">
    <failure message="PROCEDURE easylearning.dropTables does not exist" type="java.sql.SQLSyntaxErrorException">java.sql.SQLSyntaxErrorException: PROCEDURE easylearning.dropTables does not exist
	at com.mysql.cj.jdbc.exceptions.SQLError.createSQLException(SQLError.java:120)
	at com.mysql.cj.jdbc.exceptions.SQLError.createSQLException(SQLError.java:97)
	at com.mysql.cj.jdbc.exceptions.SQLExceptionsMapping.translateException(SQLExceptionsMapping.java:122)
	at com.mysql.cj.jdbc.StatementImpl.executeInternal(StatementImpl.java:782)
	at com.mysql.cj.jdbc.StatementImpl.execute(StatementImpl.java:666)
	at by.anelkin.easylearning.service.PaymentServiceTest.PaymentRepository_ProcessPurchaseFromBalance_ShouldNotInsertPaymentsIfPurchasedAlready(PaymentServiceTest.java:156)
</failure>
  </testcase>
  <testcase classname="by.anelkin.easylearning.service.PaymentServiceTest" name="PaymentRepository_ProcessPurchaseFromBalance_ShouldUpdateAccBalance" time="0">
    <failure message="PROCEDURE easylearning.dropTables does not exist" type="java.sql.SQLSyntaxErrorException">java.sql.SQLSyntaxErrorException: PROCEDURE easylearning.dropTables does not exist
	at com.mysql.cj.jdbc.exceptions.SQLError.createSQLException(SQLError.java:120)
	at com.mysql.cj.jdbc.exceptions.SQLError.createSQLException(SQLError.java:97)
	at com.mysql.cj.jdbc.exceptions.SQLExceptionsMapping.translateException(SQLExceptionsMapping.java:122)
	at com.mysql.cj.jdbc.StatementImpl.executeInternal(StatementImpl.java:782)
	at com.mysql.cj.jdbc.StatementImpl.execute(StatementImpl.java:666)
	at by.anelkin.easylearning.service.PaymentServiceTest.PaymentRepository_ProcessPurchaseFromBalance_ShouldUpdateAccBalance(PaymentServiceTest.java:79)
</failure>
  </testcase>
  <testcase classname="by.anelkin.easylearning.repository.CourseRepositoryTest" name="setUpTestClass" time="54.241">
    <failure message="PROCEDURE easylearning.dropTables does not exist" type="java.sql.SQLSyntaxErrorException">java.sql.SQLSyntaxErrorException: PROCEDURE easylearning.dropTables does not exist
	at com.mysql.cj.jdbc.exceptions.SQLError.createSQLException(SQLError.java:120)
	at com.mysql.cj.jdbc.exceptions.SQLError.createSQLException(SQLError.java:97)
	at com.mysql.cj.jdbc.exceptions.SQLExceptionsMapping.translateException(SQLExceptionsMapping.java:122)
	at com.mysql.cj.jdbc.StatementImpl.executeInternal(StatementImpl.java:782)
	at com.mysql.cj.jdbc.StatementImpl.execute(StatementImpl.java:666)
	at by.anelkin.easylearning.repository.CourseRepositoryTest.setUpTestClass(CourseRepositoryTest.java:42)
</failure>
  </testcase>
  <testcase classname="by.anelkin.easylearning.repository.CourseRepositoryTest" name="CourseRepository_Query" time="54.257">
    <skipped/>
  </testcase>
  <testcase classname="by.anelkin.easylearning.repository.CourseRepositoryTest" name="CourseRepository_Query" time="54.257">
    <skipped/>
  </testcase>
  <testcase classname="by.anelkin.easylearning.repository.CourseRepositoryTest" name="CourseRepository_Query" time="54.257">
    <skipped/>
  </testcase>
  <testcase classname="by.anelkin.easylearning.repository.CourseRepositoryTest" name="CourseRepository_Query" time="54.257">
    <skipped/>
  </testcase>
  <testcase classname="by.anelkin.easylearning.repository.CourseRepositoryTest" name="CourseRepository_Query" time="54.257">
    <skipped/>
  </testcase>
  <testcase classname="by.anelkin.easylearning.repository.CourseRepositoryTest" name="CourseRepository_Query" time="54.257">
    <skipped/>
  </testcase>
  <testcase classname="by.anelkin.easylearning.repository.CourseRepositoryTest" name="CourseRepository_Query" time="54.257">
    <skipped/>
  </testcase>
  <testcase classname="by.anelkin.easylearning.repository.CourseRepositoryTest" name="CourseRepository_Query" time="54.257">
    <skipped/>
  </testcase>
</testsuite>